<?xml version="1.0" encoding="UTF-8"?>
<!-- Generated by org.testng.reporters.JUnitXMLReporter -->
<testsuite hostname="DESKTOP-D5AMLUU" tests="1" failures="1" timestamp="13 Apr 2021 17:16:44 GMT" time="11.244" errors="0">
  <testcase name="TC_001_login_Enter_jobs_screen" time="0.015" classname="testngRunner">
    <failure type="java.lang.NullPointerException">
      <![CDATA[java.lang.NullPointerException
	at pages.LoginPage.getEmailXpath(LoginPage.java:11)
	at testngRunner.TC_001_login_Enter_jobs_screen(testngRunner.java:32)
	at java.util.concurrent.ThreadPoolExecutor.runWorker(Unknown Source)
	at java.util.concurrent.ThreadPoolExecutor$Worker.run(Unknown Source)
	at java.lang.Thread.run(Unknown Source)
... Removed 10 stack frames]]>
    </failure>
  </testcase> <!-- TC_001_login_Enter_jobs_screen -->
</testsuite>
